{
  "RSpec": {
    "coverage": {
      "/home/carllosintf/Documents/Projetos/time-register/app/jobs/generate_csv_report_job.rb": {
        "lines": [
          null,
          1,
          1,
          1,
          null,
          1,
          1,
          1,
          null,
          1,
          1,
          1,
          null,
          1,
          null,
          1,
          1,
          1,
          null,
          1,
          1,
          null,
          1,
          1,
          1,
          5,
          5,
          5,
          5,
          5,
          null,
          null,
          null,
          1,
          null,
          0,
          0,
          null,
          null
        ]
      },
      "/home/carllosintf/Documents/Projetos/time-register/app/jobs/application_job.rb": {
        "lines": [
          1,
          null,
          null,
          null,
          null,
          null,
          null
        ]
      },
      "/home/carllosintf/Documents/Projetos/time-register/app/models/report_process.rb": {
        "lines": [
          1,
          1,
          null,
          1,
          null,
          null,
          null,
          null,
          null,
          null,
          1,
          null,
          1,
          1,
          null,
          1,
          null,
          1,
          16,
          null,
          null
        ]
      },
      "/home/carllosintf/Documents/Projetos/time-register/app/models/application_record.rb": {
        "lines": [
          1,
          1,
          null
        ]
      },
      "/home/carllosintf/Documents/Projetos/time-register/app/models/timer_register.rb": {
        "lines": [
          1,
          1,
          null,
          1,
          1,
          1,
          null,
          1,
          null,
          1,
          null,
          1,
          24,
          15,
          null,
          null,
          1,
          22,
          9,
          3,
          null,
          null,
          null
        ]
      },
      "/home/carllosintf/Documents/Projetos/time-register/app/models/user.rb": {
        "lines": [
          1,
          1,
          null,
          1,
          1,
          null,
          null
        ]
      },
      "/home/carllosintf/Documents/Projetos/time-register/app/controllers/api/v1/users_controller.rb": {
        "lines": [
          null,
          1,
          1,
          null,
          1,
          2,
          null,
          null,
          1,
          1,
          null,
          null,
          1,
          3,
          3,
          2,
          null,
          1,
          null,
          null,
          null,
          1,
          2,
          1,
          null,
          1,
          null,
          null,
          null,
          1,
          1,
          1,
          null,
          null,
          1,
          null,
          1,
          4,
          null,
          null,
          1,
          5,
          null,
          null
        ]
      },
      "/home/carllosintf/Documents/Projetos/time-register/app/controllers/application_controller.rb": {
        "lines": [
          1,
          null
        ]
      },
      "/home/carllosintf/Documents/Projetos/time-register/app/controllers/api/v1/users/reports_controller.rb": {
        "lines": [
          1,
          null,
          1,
          1,
          1,
          1,
          null,
          1,
          1,
          null,
          1,
          null,
          null
        ]
      },
      "/home/carllosintf/Documents/Projetos/time-register/app/controllers/api/v1/reports_controller.rb": {
        "lines": [
          null,
          1,
          1,
          3,
          2,
          null,
          null,
          null,
          null,
          null,
          null,
          1,
          2,
          null,
          2,
          null,
          1,
          null,
          null
        ]
      },
      "/home/carllosintf/Documents/Projetos/time-register/app/controllers/api/v1/timer_registers_controller.rb": {
        "lines": [
          null,
          1,
          1,
          null,
          1,
          1,
          null,
          null,
          1,
          1,
          null,
          null,
          1,
          5,
          4,
          2,
          null,
          2,
          null,
          null,
          null,
          1,
          2,
          1,
          null,
          1,
          null,
          null,
          null,
          1,
          1,
          1,
          null,
          null,
          1,
          null,
          1,
          4,
          null,
          null,
          1,
          7,
          null,
          null
        ]
      }
    },
    "timestamp": 1758558040
  }
}
